c:\users\fujin\documents\visual studio 2015\projects\qtdemo\qtdemo\x64\debug\vc140.pdb
c:\users\fujin\documents\visual studio 2015\projects\qtdemo\qtdemo\x64\debug\main.obj
c:\users\fujin\documents\visual studio 2015\projects\qtdemo\qtdemo\x64\debug\mywindow.obj
c:\users\fujin\documents\visual studio 2015\projects\qtdemo\qtdemo\x64\debug\moc_mywindow.obj
c:\users\fujin\documents\visual studio 2015\projects\qtdemo\qtdemo\x64\debug\slots.obj
c:\users\fujin\documents\visual studio 2015\projects\qtdemo\qtdemo\x64\debug\mainwindow.obj
c:\users\fujin\documents\visual studio 2015\projects\qtdemo\qtdemo\x64\debug\moc_mainwindow.obj
d:\дима\работа\школа программирования\qtdemo\qtdemo\x64\debug\vc141.pdb
d:\дима\работа\школа программирования\qtdemo\qtdemo\x64\debug\slots.obj
d:\дима\работа\школа программирования\qtdemo\qtdemo\x64\debug\mainwindow.obj
d:\дима\работа\школа программирования\qtdemo\qtdemo\x64\debug\main.obj
d:\дима\работа\школа программирования\qtdemo\qtdemo\x64\debug\moc_mainwindow.obj
c:\users\fujin\documents\visual studio 2015\projects\qtdemo\qtdemo\generatedfiles\debug\moc_mainwindow.cpp
d:\дима\работа\школа программирования\qtdemo\qtdemo\generatedfiles\debug\moc_mainwindow.cpp
c:\users\fujin\documents\visual studio 2015\projects\qtdemo\x64\debug\qtdemo.ilk
c:\users\fujin\documents\visual studio 2015\projects\qtdemo\x64\debug\qtdemo.exe
c:\users\fujin\documents\visual studio 2015\projects\qtdemo\x64\debug\qtdemo.pdb
d:\дима\работа\школа программирования\qtdemo\x64\debug\qtdemo.exe
d:\дима\работа\школа программирования\qtdemo\x64\debug\qtdemo.ilk
d:\дима\работа\школа программирования\qtdemo\x64\debug\qtdemo.pdb
c:\users\golch\onedrive\рабочий стол\qtdemo\qtdemo\x64\debug\main.obj
c:\users\golch\onedrive\рабочий стол\qtdemo\qtdemo\x64\debug\mainwindow.obj
c:\users\golch\onedrive\рабочий стол\qtdemo\qtdemo\x64\debug\moc_mainwindow.obj
c:\users\golch\onedrive\рабочий стол\qtdemo\qtdemo\x64\debug\moc_mywindow.obj
c:\users\golch\onedrive\рабочий стол\qtdemo\qtdemo\x64\debug\mywindow.obj
c:\users\golch\onedrive\рабочий стол\qtdemo\qtdemo\x64\debug\slots.obj
c:\users\golch\onedrive\рабочий стол\qtdemo\qtdemo\x64\debug\vc140.pdb
c:\users\golch\onedrive\рабочий стол\qtdemo\qtdemo\x64\debug\vc141.pdb
c:\users\golch\onedrive\рабочий стол\qtdemo\x64\debug\qtdemo.pdb
c:\users\golch\onedrive\рабочий стол\qtdemo\x64\debug\qtdemo.exe
c:\users\golch\onedrive\рабочий стол\qtdemo\x64\debug\qtdemo.ilk
c:\users\golch\onedrive\рабочий стол\qtdemo\qtdemo\x64\debug\qtdemo.tlog\cl.command.1.tlog
c:\users\golch\onedrive\рабочий стол\qtdemo\qtdemo\x64\debug\qtdemo.tlog\cl.read.1.tlog
c:\users\golch\onedrive\рабочий стол\qtdemo\qtdemo\x64\debug\qtdemo.tlog\cl.write.1.tlog
c:\users\golch\onedrive\рабочий стол\qtdemo\qtdemo\x64\debug\qtdemo.tlog\custombuild.command.1.tlog
c:\users\golch\onedrive\рабочий стол\qtdemo\qtdemo\x64\debug\qtdemo.tlog\custombuild.read.1.tlog
c:\users\golch\onedrive\рабочий стол\qtdemo\qtdemo\x64\debug\qtdemo.tlog\custombuild.write.1.tlog
c:\users\golch\onedrive\рабочий стол\qtdemo\qtdemo\x64\debug\qtdemo.tlog\link.command.1.tlog
c:\users\golch\onedrive\рабочий стол\qtdemo\qtdemo\x64\debug\qtdemo.tlog\link.read.1.tlog
c:\users\golch\onedrive\рабочий стол\qtdemo\qtdemo\x64\debug\qtdemo.tlog\link.write.1.tlog
